# JRE version: Java(TM) SE Runtime Environment (8.0_92-b14) (build 1.8.0_92-b14)
# Java VM: Java HotSpot(TM) 64-Bit Server VM (25.92-b14 mixed mode bsd-amd64 compressed oops)
Heap:
 PSYoungGen      total 2048K, used 1024K [0x00000007aab00000, 0x00000007aae00000, 0x00000007c0000000)
  eden space 1024K, 100% used [0x00000007aab00000,0x00000007aac00000,0x00000007aac00000)
  from space 1024K, 0% used [0x00000007aac00000,0x00000007aac00000,0x00000007aad00000)
  to   space 1024K, 0% used [0x00000007aad00000,0x00000007aad00000,0x00000007aae00000)
 ParOldGen       total 699392K, used 699354K [0x0000000780000000, 0x00000007aab00000, 0x00000007aab00000)
  object space 699392K, 99% used [0x0000000780000000,0x00000007aaaf6a18,0x00000007aab00000)
 Metaspace       used 20537K, capacity 21162K, committed 23680K, reserved 1069056K
  class space    used 2474K, capacity 2668K, committed 3968K, reserved 1048576K
GC Heap History (10 events):
Event: 18663.160 GC heap before
{Heap before GC invocations=10023 (full 2962):
 PSYoungGen      total 2048K, used 1024K [0x00000007aab00000, 0x00000007aae00000, 0x00000007c0000000)
  eden space 1024K, 100% used [0x00000007aab00000,0x00000007aac00000,0x00000007aac00000)
  from space 1024K, 0% used [0x00000007aac00000,0x00000007aac00000,0x00000007aad00000)
  to   space 1024K, 0% used [0x00000007aad00000,0x00000007aad00000,0x00000007aae00000)
 ParOldGen       total 699392K, used 699355K [0x0000000780000000, 0x00000007aab00000, 0x00000007aab00000)
  object space 699392K, 99% used [0x0000000780000000,0x00000007aaaf6f10,0x00000007aab00000)
 Metaspace       used 20537K, capacity 21162K, committed 23680K, reserved 1069056K
  class space    used 2474K, capacity 2668K, committed 3968K, reserved 1048576K
Event: 18663.376 GC heap after
Heap after GC invocations=10023 (full 2962):
 PSYoungGen      total 2048K, used 1023K [0x00000007aab00000, 0x00000007aae00000, 0x00000007c0000000)
  eden space 1024K, 99% used [0x00000007aab00000,0x00000007aabffc10,0x00000007aac00000)
  from space 1024K, 0% used [0x00000007aac00000,0x00000007aac00000,0x00000007aad00000)
  to   space 1024K, 0% used [0x00000007aad00000,0x00000007aad00000,0x00000007aae00000)
 ParOldGen       total 699392K, used 699355K [0x0000000780000000, 0x00000007aab00000, 0x00000007aab00000)
  object space 699392K, 99% used [0x0000000780000000,0x00000007aaaf6ca0,0x00000007aab00000)
 Metaspace       used 20537K, capacity 21162K, committed 23680K, reserved 1069056K
  class space    used 2474K, capacity 2668K, committed 3968K, reserved 1048576K
}
Event: 18663.376 GC heap before
{Heap before GC invocations=10024 (full 2963):
 PSYoungGen      total 2048K, used 1024K [0x00000007aab00000, 0x00000007aae00000, 0x00000007c0000000)
  eden space 1024K, 100% used [0x00000007aab00000,0x00000007aac00000,0x00000007aac00000)
  from space 1024K, 0% used [0x00000007aac00000,0x00000007aac00000,0x00000007aad00000)
  to   space 1024K, 0% used [0x00000007aad00000,0x00000007aad00000,0x00000007aae00000)
 ParOldGen       total 699392K, used 699355K [0x0000000780000000, 0x00000007aab00000, 0x00000007aab00000)
  object space 699392K, 99% used [0x0000000780000000,0x00000007aaaf6ca0,0x00000007aab00000)
 Metaspace       used 20537K, capacity 21162K, committed 23680K, reserved 1069056K
  class space    used 2474K, capacity 2668K, committed 3968K, reserved 1048576K
Event: 18663.491 GC heap after
Heap after GC invocations=10024 (full 2963):
 PSYoungGen      total 2048K, used 1022K [0x00000007aab00000, 0x00000007aae00000, 0x00000007c0000000)
  eden space 1024K, 99% used [0x00000007aab00000,0x00000007aabffb50,0x00000007aac00000)
  from space 1024K, 0% used [0x00000007aac00000,0x00000007aac00000,0x00000007aad00000)
  to   space 1024K, 0% used [0x00000007aad00000,0x00000007aad00000,0x00000007aae00000)
 ParOldGen       total 699392K, used 699354K [0x0000000780000000, 0x00000007aab00000, 0x00000007aab00000)
  object space 699392K, 99% used [0x0000000780000000,0x00000007aaaf6a78,0x00000007aab00000)
 Metaspace       used 20537K, capacity 21162K, committed 23680K, reserved 1069056K
  class space    used 2474K, capacity 2668K, committed 3968K, reserved 1048576K
}
Event: 18663.491 GC heap before
{Heap before GC invocations=10025 (full 2964):
 PSYoungGen      total 2048K, used 1024K [0x00000007aab00000, 0x00000007aae00000, 0x00000007c0000000)
  eden space 1024K, 100% used [0x00000007aab00000,0x00000007aac00000,0x00000007aac00000)
  from space 1024K, 0% used [0x00000007aac00000,0x00000007aac00000,0x00000007aad00000)
  to   space 1024K, 0% used [0x00000007aad00000,0x00000007aad00000,0x00000007aae00000)
 ParOldGen       total 699392K, used 699354K [0x0000000780000000, 0x00000007aab00000, 0x00000007aab00000)
  object space 699392K, 99% used [0x0000000780000000,0x00000007aaaf6a78,0x00000007aab00000)
 Metaspace       used 20537K, capacity 21162K, committed 23680K, reserved 1069056K
  class space    used 2474K, capacity 2668K, committed 3968K, reserved 1048576K
Event: 18663.613 GC heap after
Heap after GC invocations=10025 (full 2964):
 PSYoungGen      total 2048K, used 1023K [0x00000007aab00000, 0x00000007aae00000, 0x00000007c0000000)
  eden space 1024K, 99% used [0x00000007aab00000,0x00000007aabffc30,0x00000007aac00000)
  from space 1024K, 0% used [0x00000007aac00000,0x00000007aac00000,0x00000007aad00000)
  to   space 1024K, 0% used [0x00000007aad00000,0x00000007aad00000,0x00000007aae00000)
 ParOldGen       total 699392K, used 699354K [0x0000000780000000, 0x00000007aab00000, 0x00000007aab00000)
  object space 699392K, 99% used [0x0000000780000000,0x00000007aaaf6a58,0x00000007aab00000)
 Metaspace       used 20537K, capacity 21162K, committed 23680K, reserved 1069056K
  class space    used 2474K, capacity 2668K, committed 3968K, reserved 1048576K
}
Event: 18663.613 GC heap before
{Heap before GC invocations=10026 (full 2965):
 PSYoungGen      total 2048K, used 1024K [0x00000007aab00000, 0x00000007aae00000, 0x00000007c0000000)
  eden space 1024K, 100% used [0x00000007aab00000,0x00000007aac00000,0x00000007aac00000)
  from space 1024K, 0% used [0x00000007aac00000,0x00000007aac00000,0x00000007aad00000)
  to   space 1024K, 0% used [0x00000007aad00000,0x00000007aad00000,0x00000007aae00000)
 ParOldGen       total 699392K, used 699354K [0x0000000780000000, 0x00000007aab00000, 0x00000007aab00000)
  object space 699392K, 99% used [0x0000000780000000,0x00000007aaaf6a58,0x00000007aab00000)
 Metaspace       used 20537K, capacity 21162K, committed 23680K, reserved 1069056K
  class space    used 2474K, capacity 2668K, committed 3968K, reserved 1048576K
Event: 18663.706 GC heap after
Heap after GC invocations=10026 (full 2965):
 PSYoungGen      total 2048K, used 1023K [0x00000007aab00000, 0x00000007aae00000, 0x00000007c0000000)
  eden space 1024K, 99% used [0x00000007aab00000,0x00000007aabffcf8,0x00000007aac00000)
  from space 1024K, 0% used [0x00000007aac00000,0x00000007aac00000,0x00000007aad00000)
  to   space 1024K, 0% used [0x00000007aad00000,0x00000007aad00000,0x00000007aae00000)
 ParOldGen       total 699392K, used 699354K [0x0000000780000000, 0x00000007aab00000, 0x00000007aab00000)
  object space 699392K, 99% used [0x0000000780000000,0x00000007aaaf6a18,0x00000007aab00000)
 Metaspace       used 20537K, capacity 21162K, committed 23680K, reserved 1069056K
  class space    used 2474K, capacity 2668K, committed 3968K, reserved 1048576K
}
Event: 18663.706 GC heap before
{Heap before GC invocations=10027 (full 2966):
 PSYoungGen      total 2048K, used 1024K [0x00000007aab00000, 0x00000007aae00000, 0x00000007c0000000)
  eden space 1024K, 100% used [0x00000007aab00000,0x00000007aac00000,0x00000007aac00000)
  from space 1024K, 0% used [0x00000007aac00000,0x00000007aac00000,0x00000007aad00000)
  to   space 1024K, 0% used [0x00000007aad00000,0x00000007aad00000,0x00000007aae00000)
 ParOldGen       total 699392K, used 699354K [0x0000000780000000, 0x00000007aab00000, 0x00000007aab00000)
  object space 699392K, 99% used [0x0000000780000000,0x00000007aaaf6a18,0x00000007aab00000)
 Metaspace       used 20537K, capacity 21162K, committed 23680K, reserved 1069056K
  class space    used 2474K, capacity 2668K, committed 3968K, reserved 1048576K
Event: 18663.797 GC heap after
Heap after GC invocations=10027 (full 2966):
 PSYoungGen      total 2048K, used 1023K [0x00000007aab00000, 0x00000007aae00000, 0x00000007c0000000)
  eden space 1024K, 99% used [0x00000007aab00000,0x00000007aabffc20,0x00000007aac00000)
  from space 1024K, 0% used [0x00000007aac00000,0x00000007aac00000,0x00000007aad00000)
  to   space 1024K, 0% used [0x00000007aad00000,0x00000007aad00000,0x00000007aae00000)
 ParOldGen       total 699392K, used 699354K [0x0000000780000000, 0x00000007aab00000, 0x00000007aab00000)
  object space 699392K, 99% used [0x0000000780000000,0x00000007aaaf6a18,0x00000007aab00000)
 Metaspace       used 20537K, capacity 21162K, committed 23680K, reserved 1069056K
  class space    used 2474K, capacity 2668K, committed 3968K, reserved 1048576K
}

